Using pre-set license
Built from '2020.3/staging' branch; Version is '2020.3.6f1 (338bb68529b2) revision 3378102'; Using compiler version '192528614'; Build Type 'Release'
OS: 'Windows 10 Pro; OS build 19041.985; Version 2004; 64bit' Language: 'zh' Physical Memory: 16298 MB
BatchMode: 1, IsHumanControllingUs: 0, StartBugReporterOnCrash: 0, Is64bit: 1, IsPro: 0

 COMMAND LINE ARGUMENTS:
C:\Program Files\Unity\Hub\Editor\2020.3.6f1\Editor\Unity.exe
-adb2
-batchMode
-noUpm
-name
AssetImportWorker0
-projectPath
D:/Unity/Unity_Platinum_Kamuy_Twilight_Overdrive_2D/Twilight_Overdrive_2D
-logFile
Logs/AssetImportWorker0.log
-srvPort
57323
Successfully changed project path to: D:/Unity/Unity_Platinum_Kamuy_Twilight_Overdrive_2D/Twilight_Overdrive_2D
D:/Unity/Unity_Platinum_Kamuy_Twilight_Overdrive_2D/Twilight_Overdrive_2D
Using Asset Import Pipeline V2.
Refreshing native plugins compatible for Editor in 33.10 ms, found 1 plugins.
Preloading 0 native plugins for Editor in 0.00 ms.
Initialize engine version: 2020.3.6f1 (338bb68529b2)
[Subsystems] Discovering subsystems at path C:/Program Files/Unity/Hub/Editor/2020.3.6f1/Editor/Data/Resources/UnitySubsystems
[Subsystems] Discovering subsystems at path D:/Unity/Unity_Platinum_Kamuy_Twilight_Overdrive_2D/Twilight_Overdrive_2D/Assets
GfxDevice: creating device client; threaded=0
Direct3D:
    Version:  Direct3D 11.0 [level 11.1]
    Renderer: NVIDIA GeForce GTX 1660 SUPER (ID=0x21c4)
    Vendor:   
    VRAM:     5991 MB
    Driver:   27.21.14.5671
Initialize mono
Mono path[0] = 'C:/Program Files/Unity/Hub/Editor/2020.3.6f1/Editor/Data/Managed'
Mono path[1] = 'C:/Program Files/Unity/Hub/Editor/2020.3.6f1/Editor/Data/MonoBleedingEdge/lib/mono/unityjit'
Mono config path = 'C:/Program Files/Unity/Hub/Editor/2020.3.6f1/Editor/Data/MonoBleedingEdge/etc'
Using monoOptions --debugger-agent=transport=dt_socket,embedding=1,server=y,suspend=n,address=127.0.0.1:56264
Begin MonoManager ReloadAssembly
Registering precompiled unity dll's ...
Register platform support module: C:/Program Files/Unity/Hub/Editor/2020.3.6f1/Editor/Data/PlaybackEngines/WebGLSupport/UnityEditor.WebGL.Extensions.dll
Register platform support module: C:/Program Files/Unity/Hub/Editor/2020.3.6f1/Editor/Data/PlaybackEngines/WindowsStandaloneSupport/UnityEditor.WindowsStandalone.Extensions.dll
Registered in 0.002598 seconds.
Native extension for WindowsStandalone target not found
Native extension for WebGL target not found
Refreshing native plugins compatible for Editor in 35.72 ms, found 1 plugins.
Preloading 0 native plugins for Editor in 0.00 ms.
Mono: successfully reloaded assembly
- Completed reload, in  2.075 seconds
Platform modules already initialized, skipping
Registering precompiled user dll's ...
Registered in 0.000732 seconds.
Begin MonoManager ReloadAssembly
Native extension for WindowsStandalone target not found
Native extension for WebGL target not found
Refreshing native plugins compatible for Editor in 60.29 ms, found 1 plugins.
Preloading 0 native plugins for Editor in 0.00 ms.
Mono: successfully reloaded assembly
- Completed reload, in  1.512 seconds
Platform modules already initialized, skipping
========================================================================
Worker process is ready to serve import requests
Launched and connected shader compiler UnityShaderCompiler.exe after 0.06 seconds
Refreshing native plugins compatible for Editor in 0.51 ms, found 1 plugins.
Preloading 0 native plugins for Editor in 0.00 ms.
Unloading 1823 Unused Serialized files (Serialized files now loaded: 0)
System memory in use before: 85.4 MB.
System memory in use after: 85.3 MB.

Unloading 24 unused Assets to reduce memory usage. Loaded Objects now: 2268.
Total: 1.896900 ms (FindLiveObjects: 0.236700 ms CreateObjectMapping: 0.041200 ms MarkObjects: 1.509800 ms  DeleteObjects: 0.108400 ms)

========================================================================
Received Import Request.
  path: Assets/Player.cs
  artifactKey: Guid(720d49dcb1262074b821a91d8a57eb2f) Importer(815301076,1909f56bfc062723c751e8b465ee728b)
Start importing Assets/Player.cs using Guid(720d49dcb1262074b821a91d8a57eb2f) Importer(815301076,1909f56bfc062723c751e8b465ee728b)  -> (artifact id: 'b85fb4970e47299d437c43f76528f30f') in 0.037280 seconds
  Import took 0.040259 seconds .

========================================================================
Received Import Request.
  Time since last request: 10999.572217 seconds.
  path: Assets/MetroidvaniaController/Scripts/Player/Attack.cs
  artifactKey: Guid(d9955788a5eaffa49a9297f38eaa6202) Importer(815301076,1909f56bfc062723c751e8b465ee728b)
Start importing Assets/MetroidvaniaController/Scripts/Player/Attack.cs using Guid(d9955788a5eaffa49a9297f38eaa6202) Importer(815301076,1909f56bfc062723c751e8b465ee728b)  -> (artifact id: 'f29b4c8d49f2751cff9eef7a3c1a67d4') in 0.007814 seconds
  Import took 0.045925 seconds .

========================================================================
Received Prepare
Registering precompiled user dll's ...
Registered in 0.000946 seconds.
Begin MonoManager ReloadAssembly
Native extension for WindowsStandalone target not found
Native extension for WebGL target not found
Refreshing native plugins compatible for Editor in 0.35 ms, found 1 plugins.
Preloading 0 native plugins for Editor in 0.00 ms.
Mono: successfully reloaded assembly
- Completed reload, in  0.778 seconds
Platform modules already initialized, skipping
Refreshing native plugins compatible for Editor in 0.33 ms, found 1 plugins.
Preloading 0 native plugins for Editor in 0.00 ms.
Unloading 1818 Unused Serialized files (Serialized files now loaded: 0)
System memory in use before: 85.3 MB.
System memory in use after: 85.3 MB.

Unloading 12 unused Assets to reduce memory usage. Loaded Objects now: 2272.
Total: 1.910700 ms (FindLiveObjects: 0.178600 ms CreateObjectMapping: 0.040800 ms MarkObjects: 1.599100 ms  DeleteObjects: 0.090800 ms)

========================================================================
Received Import Request.
  Time since last request: 1960.289337 seconds.
  path: Assets/Player.prefab
  artifactKey: Guid(0e543bc275fcdd4459c4c037ef2b26a7) Importer(815301076,1909f56bfc062723c751e8b465ee728b)
Start importing Assets/Player.prefab using Guid(0e543bc275fcdd4459c4c037ef2b26a7) Importer(815301076,1909f56bfc062723c751e8b465ee728b)  -> (artifact id: 'ee9315539e0c12f00f56eb12c546f947') in 0.115011 seconds
  Import took 0.117710 seconds .

========================================================================
Received Prepare
Registering precompiled user dll's ...
Registered in 0.000765 seconds.
Begin MonoManager ReloadAssembly
Native extension for WindowsStandalone target not found
Native extension for WebGL target not found
Refreshing native plugins compatible for Editor in 0.35 ms, found 1 plugins.
Preloading 0 native plugins for Editor in 0.00 ms.
Mono: successfully reloaded assembly
- Completed reload, in  0.708 seconds
Platform modules already initialized, skipping
Refreshing native plugins compatible for Editor in 0.34 ms, found 1 plugins.
Preloading 0 native plugins for Editor in 0.00 ms.
Unloading 1818 Unused Serialized files (Serialized files now loaded: 0)
System memory in use before: 88.5 MB.
System memory in use after: 88.5 MB.

Unloading 12 unused Assets to reduce memory usage. Loaded Objects now: 2283.
Total: 1.773200 ms (FindLiveObjects: 0.180100 ms CreateObjectMapping: 0.038700 ms MarkObjects: 1.463600 ms  DeleteObjects: 0.089800 ms)

========================================================================
Received Prepare
Registering precompiled user dll's ...
Registered in 0.000812 seconds.
Begin MonoManager ReloadAssembly
Native extension for WindowsStandalone target not found
Native extension for WebGL target not found
Refreshing native plugins compatible for Editor in 0.42 ms, found 1 plugins.
Preloading 0 native plugins for Editor in 0.00 ms.
Mono: successfully reloaded assembly
- Completed reload, in  0.713 seconds
Platform modules already initialized, skipping
Refreshing native plugins compatible for Editor in 0.62 ms, found 1 plugins.
Preloading 0 native plugins for Editor in 0.00 ms.
Unloading 1818 Unused Serialized files (Serialized files now loaded: 0)
System memory in use before: 88.6 MB.
System memory in use after: 88.5 MB.

Unloading 12 unused Assets to reduce memory usage. Loaded Objects now: 2287.
Total: 2.132800 ms (FindLiveObjects: 0.321000 ms CreateObjectMapping: 0.055800 ms MarkObjects: 1.657000 ms  DeleteObjects: 0.097400 ms)

========================================================================
Received Prepare
Registering precompiled user dll's ...
Registered in 0.000714 seconds.
Begin MonoManager ReloadAssembly
Native extension for WindowsStandalone target not found
Native extension for WebGL target not found
Refreshing native plugins compatible for Editor in 0.33 ms, found 1 plugins.
Preloading 0 native plugins for Editor in 0.00 ms.
Mono: successfully reloaded assembly
- Completed reload, in  0.736 seconds
Platform modules already initialized, skipping
Refreshing native plugins compatible for Editor in 0.33 ms, found 1 plugins.
Preloading 0 native plugins for Editor in 0.00 ms.
Unloading 1818 Unused Serialized files (Serialized files now loaded: 0)
System memory in use before: 88.6 MB.
System memory in use after: 88.6 MB.

Unloading 12 unused Assets to reduce memory usage. Loaded Objects now: 2291.
Total: 1.818800 ms (FindLiveObjects: 0.176400 ms CreateObjectMapping: 0.039600 ms MarkObjects: 1.514100 ms  DeleteObjects: 0.088000 ms)

========================================================================
Received Prepare
Registering precompiled user dll's ...
Registered in 0.000698 seconds.
Begin MonoManager ReloadAssembly
Native extension for WindowsStandalone target not found
Native extension for WebGL target not found
Refreshing native plugins compatible for Editor in 0.68 ms, found 1 plugins.
Preloading 0 native plugins for Editor in 0.00 ms.
Mono: successfully reloaded assembly
- Completed reload, in  0.717 seconds
Platform modules already initialized, skipping
Refreshing native plugins compatible for Editor in 0.37 ms, found 1 plugins.
Preloading 0 native plugins for Editor in 0.00 ms.
Unloading 1818 Unused Serialized files (Serialized files now loaded: 0)
System memory in use before: 88.6 MB.
System memory in use after: 88.6 MB.

Unloading 12 unused Assets to reduce memory usage. Loaded Objects now: 2295.
Total: 1.841300 ms (FindLiveObjects: 0.280600 ms CreateObjectMapping: 0.044300 ms MarkObjects: 1.425300 ms  DeleteObjects: 0.089600 ms)

========================================================================
Received Prepare
Registering precompiled user dll's ...
Registered in 0.000750 seconds.
Begin MonoManager ReloadAssembly
Native extension for WindowsStandalone target not found
Native extension for WebGL target not found
Refreshing native plugins compatible for Editor in 0.33 ms, found 1 plugins.
Preloading 0 native plugins for Editor in 0.00 ms.
Mono: successfully reloaded assembly
- Completed reload, in  0.722 seconds
Platform modules already initialized, skipping
Refreshing native plugins compatible for Editor in 0.35 ms, found 1 plugins.
Preloading 0 native plugins for Editor in 0.00 ms.
Unloading 1818 Unused Serialized files (Serialized files now loaded: 0)
System memory in use before: 88.6 MB.
System memory in use after: 88.6 MB.

Unloading 12 unused Assets to reduce memory usage. Loaded Objects now: 2299.
Total: 1.587000 ms (FindLiveObjects: 0.170700 ms CreateObjectMapping: 0.041100 ms MarkObjects: 1.287900 ms  DeleteObjects: 0.086500 ms)

========================================================================
Received Import Request.
  Time since last request: 339.892162 seconds.
  path: Assets/玩家閒置.anim
  artifactKey: Guid(5b9cd3c007316fc4fbba45a127cc459b) Importer(815301076,1909f56bfc062723c751e8b465ee728b)
Start importing Assets/玩家閒置.anim using Guid(5b9cd3c007316fc4fbba45a127cc459b) Importer(815301076,1909f56bfc062723c751e8b465ee728b)  -> (artifact id: '63c2783f14d27a5eaff3fee02b635499') in 0.016790 seconds
  Import took 0.019466 seconds .

========================================================================
Received Import Request.
  Time since last request: 97.418021 seconds.
  path: Assets/玩家死亡.anim
  artifactKey: Guid(672a1f6d6c4f20a47ab889d2452e67e3) Importer(815301076,1909f56bfc062723c751e8b465ee728b)
Start importing Assets/玩家死亡.anim using Guid(672a1f6d6c4f20a47ab889d2452e67e3) Importer(815301076,1909f56bfc062723c751e8b465ee728b)  -> (artifact id: 'a9c44ffc16a7e86c1aa053a49c696a99') in 0.006262 seconds
  Import took 0.008946 seconds .

========================================================================
Received Import Request.
  Time since last request: 0.004641 seconds.
  path: Assets/玩家死亡.anim
  artifactKey: Guid(672a1f6d6c4f20a47ab889d2452e67e3) Importer(815301076,1909f56bfc062723c751e8b465ee728b)
Start importing Assets/玩家死亡.anim using Guid(672a1f6d6c4f20a47ab889d2452e67e3) Importer(815301076,1909f56bfc062723c751e8b465ee728b)  -> (artifact id: 'a9c44ffc16a7e86c1aa053a49c696a99') in 0.002802 seconds
  Import took 0.005730 seconds .

========================================================================
Received Prepare
Registering precompiled user dll's ...
Registered in 0.000688 seconds.
Begin MonoManager ReloadAssembly
Native extension for WindowsStandalone target not found
Native extension for WebGL target not found
Refreshing native plugins compatible for Editor in 0.34 ms, found 1 plugins.
Preloading 0 native plugins for Editor in 0.00 ms.
Mono: successfully reloaded assembly
- Completed reload, in  0.722 seconds
Platform modules already initialized, skipping
Refreshing native plugins compatible for Editor in 0.35 ms, found 1 plugins.
Preloading 0 native plugins for Editor in 0.00 ms.
Unloading 1818 Unused Serialized files (Serialized files now loaded: 0)
System memory in use before: 88.6 MB.
System memory in use after: 88.6 MB.

Unloading 12 unused Assets to reduce memory usage. Loaded Objects now: 2303.
Total: 1.878100 ms (FindLiveObjects: 0.200600 ms CreateObjectMapping: 0.040200 ms MarkObjects: 1.527300 ms  DeleteObjects: 0.109000 ms)

========================================================================
Received Import Request.
  Time since last request: 1051.972696 seconds.
  path: Assets/玩家迴避 1.anim
  artifactKey: Guid(058b630996f421543b21ee24364f4966) Importer(815301076,1909f56bfc062723c751e8b465ee728b)
Start importing Assets/玩家迴避 1.anim using Guid(058b630996f421543b21ee24364f4966) Importer(815301076,1909f56bfc062723c751e8b465ee728b)  -> (artifact id: '62bb7680b3fd25b118d48c803b61918c') in 0.015587 seconds
  Import took 0.018484 seconds .

========================================================================
Received Import Request.
  Time since last request: 0.000465 seconds.
  path: Assets/玩家迴避 1.anim
  artifactKey: Guid(058b630996f421543b21ee24364f4966) Importer(815301076,1909f56bfc062723c751e8b465ee728b)
Start importing Assets/玩家迴避 1.anim using Guid(058b630996f421543b21ee24364f4966) Importer(815301076,1909f56bfc062723c751e8b465ee728b)  -> (artifact id: '62bb7680b3fd25b118d48c803b61918c') in 0.002499 seconds
  Import took 0.005158 seconds .

========================================================================
Received Import Request.
  Time since last request: 6.029658 seconds.
  path: Assets/玩家攻擊.anim
  artifactKey: Guid(058b630996f421543b21ee24364f4966) Importer(815301076,1909f56bfc062723c751e8b465ee728b)
Start importing Assets/玩家攻擊.anim using Guid(058b630996f421543b21ee24364f4966) Importer(815301076,1909f56bfc062723c751e8b465ee728b)  -> (artifact id: '40acaa8d49a60a7046eeb2d75817ed20') in 0.005868 seconds
  Import took 0.008430 seconds .

========================================================================
Received Prepare
Registering precompiled user dll's ...
Registered in 0.000745 seconds.
Begin MonoManager ReloadAssembly
Native extension for WindowsStandalone target not found
Native extension for WebGL target not found
Refreshing native plugins compatible for Editor in 0.36 ms, found 1 plugins.
Preloading 0 native plugins for Editor in 0.00 ms.
Mono: successfully reloaded assembly
- Completed reload, in  0.715 seconds
Platform modules already initialized, skipping
Refreshing native plugins compatible for Editor in 0.42 ms, found 1 plugins.
Preloading 0 native plugins for Editor in 0.00 ms.
Unloading 1818 Unused Serialized files (Serialized files now loaded: 0)
System memory in use before: 88.6 MB.
System memory in use after: 88.6 MB.

Unloading 12 unused Assets to reduce memory usage. Loaded Objects now: 2307.
Total: 1.799600 ms (FindLiveObjects: 0.258900 ms CreateObjectMapping: 0.044500 ms MarkObjects: 1.399100 ms  DeleteObjects: 0.095600 ms)

========================================================================
Received Prepare
Registering precompiled user dll's ...
Registered in 0.000685 seconds.
Begin MonoManager ReloadAssembly
Native extension for WindowsStandalone target not found
Native extension for WebGL target not found
Refreshing native plugins compatible for Editor in 0.32 ms, found 1 plugins.
Preloading 0 native plugins for Editor in 0.00 ms.
Mono: successfully reloaded assembly
- Completed reload, in  0.685 seconds
Platform modules already initialized, skipping
Refreshing native plugins compatible for Editor in 0.34 ms, found 1 plugins.
Preloading 0 native plugins for Editor in 0.00 ms.
Unloading 1818 Unused Serialized files (Serialized files now loaded: 0)
System memory in use before: 88.6 MB.
System memory in use after: 88.6 MB.

Unloading 12 unused Assets to reduce memory usage. Loaded Objects now: 2311.
Total: 2.245300 ms (FindLiveObjects: 0.181200 ms CreateObjectMapping: 0.042600 ms MarkObjects: 1.907700 ms  DeleteObjects: 0.112800 ms)

========================================================================
Received Prepare
Registering precompiled user dll's ...
Registered in 0.000722 seconds.
Begin MonoManager ReloadAssembly
Native extension for WindowsStandalone target not found
Native extension for WebGL target not found
Refreshing native plugins compatible for Editor in 0.32 ms, found 1 plugins.
Preloading 0 native plugins for Editor in 0.00 ms.
Mono: successfully reloaded assembly
- Completed reload, in  0.691 seconds
Platform modules already initialized, skipping
Refreshing native plugins compatible for Editor in 0.36 ms, found 1 plugins.
Preloading 0 native plugins for Editor in 0.00 ms.
Unloading 1818 Unused Serialized files (Serialized files now loaded: 0)
System memory in use before: 88.6 MB.
System memory in use after: 88.6 MB.

Unloading 12 unused Assets to reduce memory usage. Loaded Objects now: 2315.
Total: 1.830700 ms (FindLiveObjects: 0.178600 ms CreateObjectMapping: 0.039800 ms MarkObjects: 1.508700 ms  DeleteObjects: 0.102800 ms)

========================================================================
Received Prepare
Registering precompiled user dll's ...
Registered in 0.000798 seconds.
Begin MonoManager ReloadAssembly
Native extension for WindowsStandalone target not found
Native extension for WebGL target not found
Refreshing native plugins compatible for Editor in 0.35 ms, found 1 plugins.
Preloading 0 native plugins for Editor in 0.00 ms.
Mono: successfully reloaded assembly
- Completed reload, in  0.755 seconds
Platform modules already initialized, skipping
Refreshing native plugins compatible for Editor in 0.32 ms, found 1 plugins.
Preloading 0 native plugins for Editor in 0.00 ms.
Unloading 1818 Unused Serialized files (Serialized files now loaded: 0)
System memory in use before: 88.7 MB.
System memory in use after: 88.6 MB.

Unloading 12 unused Assets to reduce memory usage. Loaded Objects now: 2319.
Total: 1.685500 ms (FindLiveObjects: 0.188700 ms CreateObjectMapping: 0.038700 ms MarkObjects: 1.359900 ms  DeleteObjects: 0.097100 ms)

========================================================================
Received Prepare
Registering precompiled user dll's ...
Registered in 0.000844 seconds.
Begin MonoManager ReloadAssembly
Native extension for WindowsStandalone target not found
Native extension for WebGL target not found
Refreshing native plugins compatible for Editor in 0.37 ms, found 1 plugins.
Preloading 0 native plugins for Editor in 0.00 ms.
Mono: successfully reloaded assembly
- Completed reload, in  0.706 seconds
Platform modules already initialized, skipping
Refreshing native plugins compatible for Editor in 0.34 ms, found 1 plugins.
Preloading 0 native plugins for Editor in 0.00 ms.
Unloading 1818 Unused Serialized files (Serialized files now loaded: 0)
System memory in use before: 88.7 MB.
System memory in use after: 88.6 MB.

Unloading 12 unused Assets to reduce memory usage. Loaded Objects now: 2323.
Total: 1.667500 ms (FindLiveObjects: 0.190700 ms CreateObjectMapping: 0.039600 ms MarkObjects: 1.348200 ms  DeleteObjects: 0.088000 ms)

========================================================================
Received Prepare
Registering precompiled user dll's ...
Registered in 0.000702 seconds.
Begin MonoManager ReloadAssembly
Native extension for WindowsStandalone target not found
Native extension for WebGL target not found
Refreshing native plugins compatible for Editor in 0.32 ms, found 1 plugins.
Preloading 0 native plugins for Editor in 0.00 ms.
Mono: successfully reloaded assembly
- Completed reload, in  0.710 seconds
Platform modules already initialized, skipping
Refreshing native plugins compatible for Editor in 0.32 ms, found 1 plugins.
Preloading 0 native plugins for Editor in 0.00 ms.
Unloading 1818 Unused Serialized files (Serialized files now loaded: 0)
System memory in use before: 88.7 MB.
System memory in use after: 88.6 MB.

Unloading 12 unused Assets to reduce memory usage. Loaded Objects now: 2327.
Total: 1.885900 ms (FindLiveObjects: 0.226100 ms CreateObjectMapping: 0.048700 ms MarkObjects: 1.438900 ms  DeleteObjects: 0.171300 ms)

========================================================================
Received Prepare
Registering precompiled user dll's ...
Registered in 0.000722 seconds.
Begin MonoManager ReloadAssembly
Native extension for WindowsStandalone target not found
Native extension for WebGL target not found
Refreshing native plugins compatible for Editor in 0.33 ms, found 1 plugins.
Preloading 0 native plugins for Editor in 0.00 ms.
Mono: successfully reloaded assembly
- Completed reload, in  0.713 seconds
Platform modules already initialized, skipping
Refreshing native plugins compatible for Editor in 0.39 ms, found 1 plugins.
Preloading 0 native plugins for Editor in 0.00 ms.
Unloading 1818 Unused Serialized files (Serialized files now loaded: 0)
System memory in use before: 88.7 MB.
System memory in use after: 88.7 MB.

Unloading 12 unused Assets to reduce memory usage. Loaded Objects now: 2331.
Total: 2.075700 ms (FindLiveObjects: 0.152900 ms CreateObjectMapping: 0.040800 ms MarkObjects: 1.788300 ms  DeleteObjects: 0.092900 ms)

========================================================================
Received Prepare
Registering precompiled user dll's ...
Registered in 0.001169 seconds.
Begin MonoManager ReloadAssembly
Native extension for WindowsStandalone target not found
Native extension for WebGL target not found
Refreshing native plugins compatible for Editor in 0.33 ms, found 1 plugins.
Preloading 0 native plugins for Editor in 0.00 ms.
Mono: successfully reloaded assembly
- Completed reload, in  0.707 seconds
Platform modules already initialized, skipping
Refreshing native plugins compatible for Editor in 0.35 ms, found 1 plugins.
Preloading 0 native plugins for Editor in 0.00 ms.
Unloading 1818 Unused Serialized files (Serialized files now loaded: 0)
System memory in use before: 88.7 MB.
System memory in use after: 88.7 MB.

Unloading 12 unused Assets to reduce memory usage. Loaded Objects now: 2335.
Total: 1.760000 ms (FindLiveObjects: 0.233000 ms CreateObjectMapping: 0.043000 ms MarkObjects: 1.386100 ms  DeleteObjects: 0.096900 ms)

========================================================================
Received Prepare
Registering precompiled user dll's ...
Registered in 0.000681 seconds.
Begin MonoManager ReloadAssembly
Native extension for WindowsStandalone target not found
Native extension for WebGL target not found
Refreshing native plugins compatible for Editor in 0.34 ms, found 1 plugins.
Preloading 0 native plugins for Editor in 0.00 ms.
Mono: successfully reloaded assembly
- Completed reload, in  0.708 seconds
Platform modules already initialized, skipping
Refreshing native plugins compatible for Editor in 0.36 ms, found 1 plugins.
Preloading 0 native plugins for Editor in 0.00 ms.
Unloading 1818 Unused Serialized files (Serialized files now loaded: 0)
System memory in use before: 88.7 MB.
System memory in use after: 88.7 MB.

Unloading 12 unused Assets to reduce memory usage. Loaded Objects now: 2339.
Total: 1.726500 ms (FindLiveObjects: 0.195100 ms CreateObjectMapping: 0.042400 ms MarkObjects: 1.400400 ms  DeleteObjects: 0.087700 ms)

========================================================================
Received Prepare
Registering precompiled user dll's ...
Registered in 0.000740 seconds.
Begin MonoManager ReloadAssembly
Native extension for WindowsStandalone target not found
Native extension for WebGL target not found
Refreshing native plugins compatible for Editor in 0.33 ms, found 1 plugins.
Preloading 0 native plugins for Editor in 0.00 ms.
Mono: successfully reloaded assembly
- Completed reload, in  0.690 seconds
Platform modules already initialized, skipping
Refreshing native plugins compatible for Editor in 0.36 ms, found 1 plugins.
Preloading 0 native plugins for Editor in 0.00 ms.
Unloading 1818 Unused Serialized files (Serialized files now loaded: 0)
System memory in use before: 88.7 MB.
System memory in use after: 88.7 MB.

Unloading 12 unused Assets to reduce memory usage. Loaded Objects now: 2343.
Total: 1.657400 ms (FindLiveObjects: 0.172200 ms CreateObjectMapping: 0.041000 ms MarkObjects: 1.352100 ms  DeleteObjects: 0.091100 ms)

========================================================================
Received Prepare
Registering precompiled user dll's ...
Registered in 0.000660 seconds.
Begin MonoManager ReloadAssembly
Native extension for WindowsStandalone target not found
Native extension for WebGL target not found
Refreshing native plugins compatible for Editor in 0.34 ms, found 1 plugins.
Preloading 0 native plugins for Editor in 0.00 ms.
Mono: successfully reloaded assembly
- Completed reload, in  0.686 seconds
Platform modules already initialized, skipping
Refreshing native plugins compatible for Editor in 0.33 ms, found 1 plugins.
Preloading 0 native plugins for Editor in 0.00 ms.
Unloading 1818 Unused Serialized files (Serialized files now loaded: 0)
System memory in use before: 88.7 MB.
System memory in use after: 88.7 MB.

Unloading 12 unused Assets to reduce memory usage. Loaded Objects now: 2347.
Total: 2.002400 ms (FindLiveObjects: 0.184400 ms CreateObjectMapping: 0.047200 ms MarkObjects: 1.684200 ms  DeleteObjects: 0.085500 ms)

========================================================================
Received Prepare
Registering precompiled user dll's ...
Registered in 0.000677 seconds.
Begin MonoManager ReloadAssembly
Native extension for WindowsStandalone target not found
Native extension for WebGL target not found
Refreshing native plugins compatible for Editor in 0.35 ms, found 1 plugins.
Preloading 0 native plugins for Editor in 0.00 ms.
Mono: successfully reloaded assembly
- Completed reload, in  0.707 seconds
Platform modules already initialized, skipping
Refreshing native plugins compatible for Editor in 0.32 ms, found 1 plugins.
Preloading 0 native plugins for Editor in 0.00 ms.
Unloading 1818 Unused Serialized files (Serialized files now loaded: 0)
System memory in use before: 88.7 MB.
System memory in use after: 88.7 MB.

Unloading 12 unused Assets to reduce memory usage. Loaded Objects now: 2351.
Total: 1.665700 ms (FindLiveObjects: 0.173700 ms CreateObjectMapping: 0.047700 ms MarkObjects: 1.332400 ms  DeleteObjects: 0.111100 ms)

========================================================================
Received Import Request.
  Time since last request: 67529.172307 seconds.
  path: Assets/Player.prefab
  artifactKey: Guid(0e543bc275fcdd4459c4c037ef2b26a7) Importer(815301076,1909f56bfc062723c751e8b465ee728b)
Start importing Assets/Player.prefab using Guid(0e543bc275fcdd4459c4c037ef2b26a7) Importer(815301076,1909f56bfc062723c751e8b465ee728b)  -> (artifact id: 'e0d64508ec04133422522e4d9782240d') in 0.142497 seconds
  Import took 0.145417 seconds .

========================================================================
Received Prepare
Registering precompiled user dll's ...
Registered in 0.000714 seconds.
Begin MonoManager ReloadAssembly
Native extension for WindowsStandalone target not found
Native extension for WebGL target not found
Refreshing native plugins compatible for Editor in 0.32 ms, found 1 plugins.
Preloading 0 native plugins for Editor in 0.00 ms.
Mono: successfully reloaded assembly
- Completed reload, in  0.691 seconds
Platform modules already initialized, skipping
Refreshing native plugins compatible for Editor in 0.33 ms, found 1 plugins.
Preloading 0 native plugins for Editor in 0.00 ms.
Unloading 1818 Unused Serialized files (Serialized files now loaded: 0)
System memory in use before: 88.7 MB.
System memory in use after: 88.7 MB.

Unloading 12 unused Assets to reduce memory usage. Loaded Objects now: 2356.
Total: 1.673700 ms (FindLiveObjects: 0.171500 ms CreateObjectMapping: 0.047100 ms MarkObjects: 1.372900 ms  DeleteObjects: 0.081200 ms)

========================================================================
Received Prepare
Registering precompiled user dll's ...
Registered in 0.000713 seconds.
Begin MonoManager ReloadAssembly
Native extension for WindowsStandalone target not found
Native extension for WebGL target not found
Refreshing native plugins compatible for Editor in 0.32 ms, found 1 plugins.
Preloading 0 native plugins for Editor in 0.00 ms.
Mono: successfully reloaded assembly
- Completed reload, in  0.714 seconds
Platform modules already initialized, skipping
Refreshing native plugins compatible for Editor in 0.33 ms, found 1 plugins.
Preloading 0 native plugins for Editor in 0.00 ms.
Unloading 1818 Unused Serialized files (Serialized files now loaded: 0)
System memory in use before: 88.7 MB.
System memory in use after: 88.7 MB.

Unloading 12 unused Assets to reduce memory usage. Loaded Objects now: 2360.
Total: 1.692500 ms (FindLiveObjects: 0.165100 ms CreateObjectMapping: 0.046200 ms MarkObjects: 1.394800 ms  DeleteObjects: 0.085800 ms)

========================================================================
Received Prepare
Registering precompiled user dll's ...
Registered in 0.000724 seconds.
Begin MonoManager ReloadAssembly
Native extension for WindowsStandalone target not found
Native extension for WebGL target not found
Refreshing native plugins compatible for Editor in 0.41 ms, found 1 plugins.
Preloading 0 native plugins for Editor in 0.00 ms.
Mono: successfully reloaded assembly
- Completed reload, in  0.688 seconds
Platform modules already initialized, skipping
Refreshing native plugins compatible for Editor in 0.34 ms, found 1 plugins.
Preloading 0 native plugins for Editor in 0.00 ms.
Unloading 1818 Unused Serialized files (Serialized files now loaded: 0)
System memory in use before: 88.8 MB.
System memory in use after: 88.7 MB.

Unloading 12 unused Assets to reduce memory usage. Loaded Objects now: 2364.
Total: 2.010500 ms (FindLiveObjects: 0.223000 ms CreateObjectMapping: 0.039700 ms MarkObjects: 1.643000 ms  DeleteObjects: 0.102700 ms)

========================================================================
Received Prepare
Registering precompiled user dll's ...
Registered in 0.000759 seconds.
Begin MonoManager ReloadAssembly
Native extension for WindowsStandalone target not found
Native extension for WebGL target not found
Refreshing native plugins compatible for Editor in 0.33 ms, found 1 plugins.
Preloading 0 native plugins for Editor in 0.00 ms.
Mono: successfully reloaded assembly
- Completed reload, in  0.682 seconds
Platform modules already initialized, skipping
Refreshing native plugins compatible for Editor in 0.34 ms, found 1 plugins.
Preloading 0 native plugins for Editor in 0.00 ms.
Unloading 1818 Unused Serialized files (Serialized files now loaded: 0)
System memory in use before: 88.8 MB.
System memory in use after: 88.7 MB.

Unloading 12 unused Assets to reduce memory usage. Loaded Objects now: 2368.
Total: 1.712200 ms (FindLiveObjects: 0.230600 ms CreateObjectMapping: 0.044500 ms MarkObjects: 1.342300 ms  DeleteObjects: 0.094100 ms)

========================================================================
Received Prepare
Registering precompiled user dll's ...
Registered in 0.000774 seconds.
Begin MonoManager ReloadAssembly
Native extension for WindowsStandalone target not found
Native extension for WebGL target not found
Refreshing native plugins compatible for Editor in 0.33 ms, found 1 plugins.
Preloading 0 native plugins for Editor in 0.00 ms.
Mono: successfully reloaded assembly
- Completed reload, in  0.717 seconds
Platform modules already initialized, skipping
Refreshing native plugins compatible for Editor in 0.32 ms, found 1 plugins.
Preloading 0 native plugins for Editor in 0.00 ms.
Unloading 1818 Unused Serialized files (Serialized files now loaded: 0)
System memory in use before: 88.8 MB.
System memory in use after: 88.7 MB.

Unloading 12 unused Assets to reduce memory usage. Loaded Objects now: 2372.
Total: 1.631000 ms (FindLiveObjects: 0.154000 ms CreateObjectMapping: 0.039400 ms MarkObjects: 1.345500 ms  DeleteObjects: 0.091400 ms)

========================================================================
Received Import Request.
  Time since last request: 7335.758904 seconds.
  path: Assets/MetroidvaniaController/Animation
  artifactKey: Guid(459f0c205d8fbfd43863c77ec23afce1) Importer(815301076,1909f56bfc062723c751e8b465ee728b)
Start importing Assets/MetroidvaniaController/Animation using Guid(459f0c205d8fbfd43863c77ec23afce1) Importer(815301076,1909f56bfc062723c751e8b465ee728b)  -> (artifact id: '92ba04237eb2effa21dcfe2e946c404e') in 0.008409 seconds
  Import took 0.011013 seconds .

========================================================================
Received Import Request.
  Time since last request: 7.970884 seconds.
  path: Assets/MetroidvaniaController/Scripts/Player/ThrowableWeapon.cs
  artifactKey: Guid(7c309590c262e87419e7bd1da3705910) Importer(815301076,1909f56bfc062723c751e8b465ee728b)
Start importing Assets/MetroidvaniaController/Scripts/Player/ThrowableWeapon.cs using Guid(7c309590c262e87419e7bd1da3705910) Importer(815301076,1909f56bfc062723c751e8b465ee728b)  -> (artifact id: '43cfe2fc9282f96212151db0f983e13f') in 0.005463 seconds
  Import took 0.008063 seconds .

========================================================================
Received Import Request.
  Time since last request: 0.004413 seconds.
  path: Assets/MetroidvaniaController/Scripts/Player/ThrowableWeapon.cs
  artifactKey: Guid(7c309590c262e87419e7bd1da3705910) Importer(815301076,1909f56bfc062723c751e8b465ee728b)
Start importing Assets/MetroidvaniaController/Scripts/Player/ThrowableWeapon.cs using Guid(7c309590c262e87419e7bd1da3705910) Importer(815301076,1909f56bfc062723c751e8b465ee728b)  -> (artifact id: '43cfe2fc9282f96212151db0f983e13f') in 0.001695 seconds
  Import took 0.004140 seconds .

========================================================================
Received Prepare
Registering precompiled user dll's ...
Registered in 0.001002 seconds.
Begin MonoManager ReloadAssembly
Native extension for WindowsStandalone target not found
Native extension for WebGL target not found
Refreshing native plugins compatible for Editor in 0.36 ms, found 1 plugins.
Preloading 0 native plugins for Editor in 0.00 ms.
Mono: successfully reloaded assembly
- Completed reload, in  0.776 seconds
Platform modules already initialized, skipping
Refreshing native plugins compatible for Editor in 0.44 ms, found 1 plugins.
Preloading 0 native plugins for Editor in 0.00 ms.
Unloading 1818 Unused Serialized files (Serialized files now loaded: 0)
System memory in use before: 88.8 MB.
System memory in use after: 88.8 MB.

Unloading 12 unused Assets to reduce memory usage. Loaded Objects now: 2376.
Total: 1.744400 ms (FindLiveObjects: 0.191900 ms CreateObjectMapping: 0.041200 ms MarkObjects: 1.388800 ms  DeleteObjects: 0.121700 ms)

========================================================================
Received Prepare
Registering precompiled user dll's ...
Registered in 0.000776 seconds.
Begin MonoManager ReloadAssembly
Native extension for WindowsStandalone target not found
Native extension for WebGL target not found
Refreshing native plugins compatible for Editor in 0.32 ms, found 1 plugins.
Preloading 0 native plugins for Editor in 0.00 ms.
Mono: successfully reloaded assembly
- Completed reload, in  0.734 seconds
Platform modules already initialized, skipping
Refreshing native plugins compatible for Editor in 0.34 ms, found 1 plugins.
Preloading 0 native plugins for Editor in 0.00 ms.
Unloading 1818 Unused Serialized files (Serialized files now loaded: 0)
System memory in use before: 88.8 MB.
System memory in use after: 88.8 MB.

Unloading 12 unused Assets to reduce memory usage. Loaded Objects now: 2380.
Total: 1.821400 ms (FindLiveObjects: 0.191700 ms CreateObjectMapping: 0.047300 ms MarkObjects: 1.491400 ms  DeleteObjects: 0.089700 ms)

========================================================================
Received Import Request.
  Time since last request: 8474.197481 seconds.
  path: Assets/Player.prefab
  artifactKey: Guid(0e543bc275fcdd4459c4c037ef2b26a7) Importer(815301076,1909f56bfc062723c751e8b465ee728b)
Start importing Assets/Player.prefab using Guid(0e543bc275fcdd4459c4c037ef2b26a7) Importer(815301076,1909f56bfc062723c751e8b465ee728b)  -> (artifact id: '162f728cf22e29d1b6461768c2b84ad6') in 0.106963 seconds
  Import took 0.110512 seconds .

========================================================================
Received Import Request.
  Time since last request: 112.313872 seconds.
  path: Assets/玩家控制器.controller
  artifactKey: Guid(0d7eac83ab95e794f9dfe09ad0c4d2d5) Importer(815301076,1909f56bfc062723c751e8b465ee728b)
Start importing Assets/玩家控制器.controller using Guid(0d7eac83ab95e794f9dfe09ad0c4d2d5) Importer(815301076,1909f56bfc062723c751e8b465ee728b)  -> (artifact id: '5237947476a677c5f5d83c9ab7809b61') in 0.006634 seconds
  Import took 0.009526 seconds .

========================================================================
Received Prepare
Registering precompiled user dll's ...
Registered in 0.000827 seconds.
Begin MonoManager ReloadAssembly
Native extension for WindowsStandalone target not found
Native extension for WebGL target not found
Refreshing native plugins compatible for Editor in 0.35 ms, found 1 plugins.
Preloading 0 native plugins for Editor in 0.00 ms.
Mono: successfully reloaded assembly
- Completed reload, in  0.756 seconds
Platform modules already initialized, skipping
Refreshing native plugins compatible for Editor in 0.43 ms, found 1 plugins.
Preloading 0 native plugins for Editor in 0.00 ms.
Unloading 1818 Unused Serialized files (Serialized files now loaded: 0)
System memory in use before: 89.0 MB.
System memory in use after: 89.0 MB.

Unloading 12 unused Assets to reduce memory usage. Loaded Objects now: 2385.
Total: 1.801200 ms (FindLiveObjects: 0.229300 ms CreateObjectMapping: 0.047600 ms MarkObjects: 1.429900 ms  DeleteObjects: 0.093500 ms)

========================================================================
Received Import Request.
  Time since last request: 2717.438382 seconds.
  path: Assets/Player.prefab
  artifactKey: Guid(0e543bc275fcdd4459c4c037ef2b26a7) Importer(815301076,1909f56bfc062723c751e8b465ee728b)
Start importing Assets/Player.prefab using Guid(0e543bc275fcdd4459c4c037ef2b26a7) Importer(815301076,1909f56bfc062723c751e8b465ee728b)  -> (artifact id: '6049b71c8054b795e06ae29d9b29ce1f') in 0.050702 seconds
  Import took 0.053517 seconds .

========================================================================
Received Import Request.
  Time since last request: 395.899928 seconds.
  path: Assets/Tiles/New Palette.prefab
  artifactKey: Guid(4916cfa3b08732240b17359a36002690) Importer(815301076,1909f56bfc062723c751e8b465ee728b)
Start importing Assets/Tiles/New Palette.prefab using Guid(4916cfa3b08732240b17359a36002690) Importer(815301076,1909f56bfc062723c751e8b465ee728b)  -> (artifact id: '1641b705c0a40f525e14ed8c60aa2f57') in 0.008332 seconds
  Import took 0.011224 seconds .

========================================================================
Received Import Request.
  Time since last request: 60.022306 seconds.
  path: Assets/Tiles/17.asset
  artifactKey: Guid(be6ea9561762957458869f4b33eae559) Importer(815301076,1909f56bfc062723c751e8b465ee728b)
Start importing Assets/Tiles/17.asset using Guid(be6ea9561762957458869f4b33eae559) Importer(815301076,1909f56bfc062723c751e8b465ee728b)  -> (artifact id: 'e83f435c4ab87f076f5b68f8c72ff058') in 0.022350 seconds
  Import took 0.025046 seconds .

========================================================================
Received Import Request.
  Time since last request: 0.000180 seconds.
  path: Assets/Tiles/New Palette.prefab
  artifactKey: Guid(4916cfa3b08732240b17359a36002690) Importer(815301076,1909f56bfc062723c751e8b465ee728b)
Start importing Assets/Tiles/New Palette.prefab using Guid(4916cfa3b08732240b17359a36002690) Importer(815301076,1909f56bfc062723c751e8b465ee728b)  -> (artifact id: 'defffbb1f9c24ff92a8f42213ab46663') in 0.003029 seconds
  Import took 0.005506 seconds .

========================================================================
Received Import Request.
  Time since last request: 21.159838 seconds.
  path: Assets/Tiles/New Palette.prefab
  artifactKey: Guid(4916cfa3b08732240b17359a36002690) Importer(815301076,1909f56bfc062723c751e8b465ee728b)
Start importing Assets/Tiles/New Palette.prefab using Guid(4916cfa3b08732240b17359a36002690) Importer(815301076,1909f56bfc062723c751e8b465ee728b)  -> (artifact id: 'c2dc568b455410fe9689a8fa6b52f334') in 0.003600 seconds
  Import took 0.006183 seconds .

========================================================================
Received Import Request.
  Time since last request: 35.271946 seconds.
  path: Assets/Tiles/17.png
  artifactKey: Guid(d8bfd7125f58ceb47a6ad11112d1a5cf) Importer(815301076,1909f56bfc062723c751e8b465ee728b)
Start importing Assets/Tiles/17.png using Guid(d8bfd7125f58ceb47a6ad11112d1a5cf) Importer(815301076,1909f56bfc062723c751e8b465ee728b)  -> (artifact id: 'd66b3f83f4e315067da251557460cd44') in 0.049900 seconds
  Import took 0.052660 seconds .

========================================================================
Received Import Request.
  Time since last request: 107.088908 seconds.
  path: ProjectSettings/TagManager.asset
  artifactKey: Guid(00000000000000003000000000000000) Importer(815301076,1909f56bfc062723c751e8b465ee728b)
Start importing ProjectSettings/TagManager.asset using Guid(00000000000000003000000000000000) Importer(815301076,1909f56bfc062723c751e8b465ee728b)  -> (artifact id: '5ff736e781c9396eb3a9ebe5d00f0cbb') in 0.006247 seconds
  Import took 0.008897 seconds .

========================================================================
Received Prepare
Registering precompiled user dll's ...
Registered in 0.000771 seconds.
Begin MonoManager ReloadAssembly
Native extension for WindowsStandalone target not found
Native extension for WebGL target not found
Refreshing native plugins compatible for Editor in 0.64 ms, found 1 plugins.
Preloading 0 native plugins for Editor in 0.00 ms.
Mono: successfully reloaded assembly
- Completed reload, in  0.783 seconds
Platform modules already initialized, skipping
Refreshing native plugins compatible for Editor in 0.35 ms, found 1 plugins.
Preloading 0 native plugins for Editor in 0.00 ms.
Unloading 1818 Unused Serialized files (Serialized files now loaded: 0)
System memory in use before: 89.1 MB.
System memory in use after: 89.1 MB.

Unloading 13 unused Assets to reduce memory usage. Loaded Objects now: 2395.
Total: 1.685300 ms (FindLiveObjects: 0.199700 ms CreateObjectMapping: 0.049600 ms MarkObjects: 1.325600 ms  DeleteObjects: 0.109600 ms)

========================================================================
Received Prepare
Registering precompiled user dll's ...
Registered in 0.000888 seconds.
Begin MonoManager ReloadAssembly
Native extension for WindowsStandalone target not found
Native extension for WebGL target not found
Refreshing native plugins compatible for Editor in 0.49 ms, found 1 plugins.
Preloading 0 native plugins for Editor in 0.00 ms.
Mono: successfully reloaded assembly
- Completed reload, in  0.718 seconds
Platform modules already initialized, skipping
Refreshing native plugins compatible for Editor in 0.36 ms, found 1 plugins.
Preloading 0 native plugins for Editor in 0.00 ms.
Unloading 1818 Unused Serialized files (Serialized files now loaded: 0)
System memory in use before: 89.1 MB.
System memory in use after: 89.1 MB.

Unloading 12 unused Assets to reduce memory usage. Loaded Objects now: 2399.
Total: 1.760500 ms (FindLiveObjects: 0.187200 ms CreateObjectMapping: 0.040800 ms MarkObjects: 1.432800 ms  DeleteObjects: 0.098100 ms)

========================================================================
Received Prepare
Registering precompiled user dll's ...
Registered in 0.000761 seconds.
Begin MonoManager ReloadAssembly
Native extension for WindowsStandalone target not found
Native extension for WebGL target not found
Refreshing native plugins compatible for Editor in 0.33 ms, found 1 plugins.
Preloading 0 native plugins for Editor in 0.00 ms.
Mono: successfully reloaded assembly
- Completed reload, in  0.737 seconds
Platform modules already initialized, skipping
Refreshing native plugins compatible for Editor in 0.34 ms, found 1 plugins.
Preloading 0 native plugins for Editor in 0.00 ms.
Unloading 1818 Unused Serialized files (Serialized files now loaded: 0)
System memory in use before: 89.1 MB.
System memory in use after: 89.1 MB.

Unloading 12 unused Assets to reduce memory usage. Loaded Objects now: 2403.
Total: 1.970600 ms (FindLiveObjects: 0.252000 ms CreateObjectMapping: 0.043500 ms MarkObjects: 1.577600 ms  DeleteObjects: 0.096500 ms)

========================================================================
Received Prepare
Registering precompiled user dll's ...
Registered in 0.000849 seconds.
Begin MonoManager ReloadAssembly
Native extension for WindowsStandalone target not found
Native extension for WebGL target not found
Refreshing native plugins compatible for Editor in 0.39 ms, found 1 plugins.
Preloading 0 native plugins for Editor in 0.00 ms.
Mono: successfully reloaded assembly
- Completed reload, in  0.746 seconds
Platform modules already initialized, skipping
Refreshing native plugins compatible for Editor in 0.34 ms, found 1 plugins.
Preloading 0 native plugins for Editor in 0.00 ms.
Unloading 1818 Unused Serialized files (Serialized files now loaded: 0)
System memory in use before: 89.1 MB.
System memory in use after: 89.1 MB.

Unloading 12 unused Assets to reduce memory usage. Loaded Objects now: 2407.
Total: 2.161800 ms (FindLiveObjects: 0.297000 ms CreateObjectMapping: 0.054400 ms MarkObjects: 1.663400 ms  DeleteObjects: 0.145700 ms)

========================================================================
Received Prepare
Registering precompiled user dll's ...
Registered in 0.001293 seconds.
Begin MonoManager ReloadAssembly
Native extension for WindowsStandalone target not found
Native extension for WebGL target not found
Refreshing native plugins compatible for Editor in 0.41 ms, found 1 plugins.
Preloading 0 native plugins for Editor in 0.00 ms.
Mono: successfully reloaded assembly
- Completed reload, in  0.722 seconds
Platform modules already initialized, skipping
Refreshing native plugins compatible for Editor in 0.36 ms, found 1 plugins.
Preloading 0 native plugins for Editor in 0.00 ms.
Unloading 1818 Unused Serialized files (Serialized files now loaded: 0)
System memory in use before: 89.1 MB.
System memory in use after: 89.1 MB.

Unloading 12 unused Assets to reduce memory usage. Loaded Objects now: 2411.
Total: 1.967100 ms (FindLiveObjects: 0.243700 ms CreateObjectMapping: 0.044500 ms MarkObjects: 1.569000 ms  DeleteObjects: 0.108800 ms)

========================================================================
Received Import Request.
  Time since last request: 812.064955 seconds.
  path: Assets/Player.prefab
  artifactKey: Guid(0e543bc275fcdd4459c4c037ef2b26a7) Importer(815301076,1909f56bfc062723c751e8b465ee728b)
Start importing Assets/Player.prefab using Guid(0e543bc275fcdd4459c4c037ef2b26a7) Importer(815301076,1909f56bfc062723c751e8b465ee728b)  -> (artifact id: '103965636565ba8f23690a154ae09d78') in 0.066130 seconds
  Import took 0.069030 seconds .

========================================================================
Received Prepare
Registering precompiled user dll's ...
Registered in 0.000862 seconds.
Begin MonoManager ReloadAssembly
Native extension for WindowsStandalone target not found
Native extension for WebGL target not found
Refreshing native plugins compatible for Editor in 0.32 ms, found 1 plugins.
Preloading 0 native plugins for Editor in 0.00 ms.
Mono: successfully reloaded assembly
- Completed reload, in  0.701 seconds
Platform modules already initialized, skipping
Refreshing native plugins compatible for Editor in 0.35 ms, found 1 plugins.
Preloading 0 native plugins for Editor in 0.00 ms.
Unloading 1818 Unused Serialized files (Serialized files now loaded: 0)
System memory in use before: 89.1 MB.
System memory in use after: 89.1 MB.

Unloading 12 unused Assets to reduce memory usage. Loaded Objects now: 2416.
Total: 1.919300 ms (FindLiveObjects: 0.217800 ms CreateObjectMapping: 0.043000 ms MarkObjects: 1.558300 ms  DeleteObjects: 0.099100 ms)

========================================================================
Received Import Request.
  Time since last request: 320.612003 seconds.
  path: Assets/MetroidvaniaController/Sprites/Grass.png
  artifactKey: Guid(036acc7c632d70543bcfc6718e6d8899) Importer(815301076,1909f56bfc062723c751e8b465ee728b)
Start importing Assets/MetroidvaniaController/Sprites/Grass.png using Guid(036acc7c632d70543bcfc6718e6d8899) Importer(815301076,1909f56bfc062723c751e8b465ee728b)  -> (artifact id: '0f444bd59edc8468ea3287c34e2bd305') in 0.063239 seconds
  Import took 0.066156 seconds .

========================================================================
Received Import Request.
  Time since last request: 0.000158 seconds.
  path: Assets/MetroidvaniaController/Sprites/Rock.png
  artifactKey: Guid(d65e1377b36ed9c4ea0eae748ccc6868) Importer(815301076,1909f56bfc062723c751e8b465ee728b)
Start importing Assets/MetroidvaniaController/Sprites/Rock.png using Guid(d65e1377b36ed9c4ea0eae748ccc6868) Importer(815301076,1909f56bfc062723c751e8b465ee728b)  -> (artifact id: 'e3a6f7eac98d152259fc3461f5d5822f') in 0.030123 seconds
  Import took 0.033015 seconds .

========================================================================
Received Import Request.
  Time since last request: 0.000154 seconds.
  path: Assets/MetroidvaniaController/Sprites/Keyboard.png
  artifactKey: Guid(4473e5e5a7695db438fb822d2e53b545) Importer(815301076,1909f56bfc062723c751e8b465ee728b)
Start importing Assets/MetroidvaniaController/Sprites/Keyboard.png using Guid(4473e5e5a7695db438fb822d2e53b545) Importer(815301076,1909f56bfc062723c751e8b465ee728b)  -> (artifact id: '0c3d9ad8ad5247acf9865191cdb076df') in 0.031728 seconds
  Import took 0.034059 seconds .

========================================================================
Received Import Request.
  Time since last request: 0.000148 seconds.
  path: Assets/MetroidvaniaController/Sprites/Projectile.png
  artifactKey: Guid(ab294bb9aa0b0b247bdf57bb4f855c4f) Importer(815301076,1909f56bfc062723c751e8b465ee728b)
Start importing Assets/MetroidvaniaController/Sprites/Projectile.png using Guid(ab294bb9aa0b0b247bdf57bb4f855c4f) Importer(815301076,1909f56bfc062723c751e8b465ee728b)  -> (artifact id: '43dd21489fee8d6437cc75bdc0a55f41') in 0.021047 seconds
  Import took 0.023680 seconds .

========================================================================
Received Import Request.
  Time since last request: 0.000142 seconds.
  path: Assets/MetroidvaniaController/Sprites/Platform.png
  artifactKey: Guid(0a6a07c3a27e25a4fac05689c53ac5a8) Importer(815301076,1909f56bfc062723c751e8b465ee728b)
Start importing Assets/MetroidvaniaController/Sprites/Platform.png using Guid(0a6a07c3a27e25a4fac05689c53ac5a8) Importer(815301076,1909f56bfc062723c751e8b465ee728b)  -> (artifact id: '5229377cc051986ac16a0f29e1b0138f') in 0.027775 seconds
  Import took 0.030461 seconds .

========================================================================
Received Import Request.
  Time since last request: 0.000148 seconds.
  path: Assets/MetroidvaniaController/Sprites/Leaf.png
  artifactKey: Guid(51de780576c3b234b9e8bd795ba2613f) Importer(815301076,1909f56bfc062723c751e8b465ee728b)
Start importing Assets/MetroidvaniaController/Sprites/Leaf.png using Guid(51de780576c3b234b9e8bd795ba2613f) Importer(815301076,1909f56bfc062723c751e8b465ee728b)  -> (artifact id: 'f80b3d7eca6347a003c724a639d9a277') in 0.032366 seconds
  Import took 0.035359 seconds .

========================================================================
Received Import Request.
  Time since last request: 0.000162 seconds.
  path: Assets/MetroidvaniaController/Sprites/TowerBig.png
  artifactKey: Guid(98a542e663c16814da6ee90fc29fc185) Importer(815301076,1909f56bfc062723c751e8b465ee728b)
Start importing Assets/MetroidvaniaController/Sprites/TowerBig.png using Guid(98a542e663c16814da6ee90fc29fc185) Importer(815301076,1909f56bfc062723c751e8b465ee728b)  -> (artifact id: 'e7d00ee2dd19a5538db05077b4e7813f') in 0.038384 seconds
  Import took 0.040881 seconds .

========================================================================
Received Import Request.
  Time since last request: 0.000146 seconds.
  path: Assets/MetroidvaniaController/Sprites/Ground.png
  artifactKey: Guid(408c5669e6f1ab1498bbbc1efb6faab5) Importer(815301076,1909f56bfc062723c751e8b465ee728b)
Start importing Assets/MetroidvaniaController/Sprites/Ground.png using Guid(408c5669e6f1ab1498bbbc1efb6faab5) Importer(815301076,1909f56bfc062723c751e8b465ee728b)  -> (artifact id: '41b29255a49d904eeef88240664c80df') in 0.028643 seconds
  Import took 0.031383 seconds .

========================================================================
Received Import Request.
  Time since last request: 0.000157 seconds.
  path: Assets/MetroidvaniaController/Sprites/Tower.png
  artifactKey: Guid(729775612abe66c4780fcfc584f92fce) Importer(815301076,1909f56bfc062723c751e8b465ee728b)
Start importing Assets/MetroidvaniaController/Sprites/Tower.png using Guid(729775612abe66c4780fcfc584f92fce) Importer(815301076,1909f56bfc062723c751e8b465ee728b)  -> (artifact id: 'cdde1f908c3a119bb1d04175add3dc4b') in 0.029725 seconds
  Import took 0.032501 seconds .

========================================================================
Received Import Request.
  Time since last request: 0.000159 seconds.
  path: Assets/MetroidvaniaController/Sprites/Instructions.png
  artifactKey: Guid(eb91d6a9176fa8d4f8809f640b0e69da) Importer(815301076,1909f56bfc062723c751e8b465ee728b)
Start importing Assets/MetroidvaniaController/Sprites/Instructions.png using Guid(eb91d6a9176fa8d4f8809f640b0e69da) Importer(815301076,1909f56bfc062723c751e8b465ee728b)  -> (artifact id: 'eca7156152acec9e9e6c548d64e7f55d') in 0.037957 seconds
  Import took 0.040409 seconds .

========================================================================
Received Import Request.
  Time since last request: 60.888389 seconds.
  path: Assets/Tiles/17.png
  artifactKey: Guid(d8bfd7125f58ceb47a6ad11112d1a5cf) Importer(815301076,1909f56bfc062723c751e8b465ee728b)
Start importing Assets/Tiles/17.png using Guid(d8bfd7125f58ceb47a6ad11112d1a5cf) Importer(815301076,1909f56bfc062723c751e8b465ee728b)  -> (artifact id: 'c7d84d6baab8ad2e46b470ff84b6692d') in 0.012315 seconds
  Import took 0.014919 seconds .

========================================================================
Received Prepare
Registering precompiled user dll's ...
Registered in 0.000811 seconds.
Begin MonoManager ReloadAssembly
Native extension for WindowsStandalone target not found
Native extension for WebGL target not found
Refreshing native plugins compatible for Editor in 0.33 ms, found 1 plugins.
Preloading 0 native plugins for Editor in 0.00 ms.
Mono: successfully reloaded assembly
- Completed reload, in  0.714 seconds
Platform modules already initialized, skipping
Refreshing native plugins compatible for Editor in 0.35 ms, found 1 plugins.
Preloading 0 native plugins for Editor in 0.00 ms.
Unloading 1818 Unused Serialized files (Serialized files now loaded: 0)
System memory in use before: 89.2 MB.
System memory in use after: 89.1 MB.

Unloading 12 unused Assets to reduce memory usage. Loaded Objects now: 2441.
Total: 1.768100 ms (FindLiveObjects: 0.246900 ms CreateObjectMapping: 0.051000 ms MarkObjects: 1.382400 ms  DeleteObjects: 0.086900 ms)

========================================================================
Received Prepare
Registering precompiled user dll's ...
Registered in 0.000763 seconds.
Begin MonoManager ReloadAssembly
Native extension for WindowsStandalone target not found
Native extension for WebGL target not found
Refreshing native plugins compatible for Editor in 0.37 ms, found 1 plugins.
Preloading 0 native plugins for Editor in 0.00 ms.
Mono: successfully reloaded assembly
- Completed reload, in  0.681 seconds
Platform modules already initialized, skipping
Refreshing native plugins compatible for Editor in 0.53 ms, found 1 plugins.
Preloading 0 native plugins for Editor in 0.00 ms.
Unloading 1818 Unused Serialized files (Serialized files now loaded: 0)
System memory in use before: 89.2 MB.
System memory in use after: 89.1 MB.

Unloading 12 unused Assets to reduce memory usage. Loaded Objects now: 2445.
Total: 1.732700 ms (FindLiveObjects: 0.244800 ms CreateObjectMapping: 0.042600 ms MarkObjects: 1.354700 ms  DeleteObjects: 0.089800 ms)

========================================================================
Received Import Request.
  Time since last request: 296.395106 seconds.
  path: Assets/Tiles/17.png
  artifactKey: Guid(d8bfd7125f58ceb47a6ad11112d1a5cf) Importer(815301076,1909f56bfc062723c751e8b465ee728b)
Start importing Assets/Tiles/17.png using Guid(d8bfd7125f58ceb47a6ad11112d1a5cf) Importer(815301076,1909f56bfc062723c751e8b465ee728b)  -> (artifact id: '51825e724c7c1d82e65d849745232806') in 0.042537 seconds
  Import took 0.045435 seconds .

========================================================================
Received Prepare
Registering precompiled user dll's ...
Registered in 0.000784 seconds.
Begin MonoManager ReloadAssembly
Native extension for WindowsStandalone target not found
Native extension for WebGL target not found
Refreshing native plugins compatible for Editor in 0.33 ms, found 1 plugins.
Preloading 0 native plugins for Editor in 0.00 ms.
Mono: successfully reloaded assembly
- Completed reload, in  0.715 seconds
Platform modules already initialized, skipping
Refreshing native plugins compatible for Editor in 0.39 ms, found 1 plugins.
Preloading 0 native plugins for Editor in 0.00 ms.
Unloading 1818 Unused Serialized files (Serialized files now loaded: 0)
System memory in use before: 89.2 MB.
System memory in use after: 89.2 MB.

Unloading 12 unused Assets to reduce memory usage. Loaded Objects now: 2450.
Total: 1.951300 ms (FindLiveObjects: 0.232700 ms CreateObjectMapping: 0.042500 ms MarkObjects: 1.566200 ms  DeleteObjects: 0.109100 ms)

========================================================================
Received Prepare
Registering precompiled user dll's ...
Registered in 0.000785 seconds.
Begin MonoManager ReloadAssembly
Native extension for WindowsStandalone target not found
Native extension for WebGL target not found
Refreshing native plugins compatible for Editor in 0.41 ms, found 1 plugins.
Preloading 0 native plugins for Editor in 0.00 ms.
Mono: successfully reloaded assembly
- Completed reload, in  0.715 seconds
Platform modules already initialized, skipping
Refreshing native plugins compatible for Editor in 0.47 ms, found 1 plugins.
Preloading 0 native plugins for Editor in 0.00 ms.
Unloading 1818 Unused Serialized files (Serialized files now loaded: 0)
System memory in use before: 89.2 MB.
System memory in use after: 89.2 MB.

Unloading 12 unused Assets to reduce memory usage. Loaded Objects now: 2454.
Total: 1.693800 ms (FindLiveObjects: 0.214000 ms CreateObjectMapping: 0.041700 ms MarkObjects: 1.346200 ms  DeleteObjects: 0.090500 ms)

========================================================================
Received Prepare
Registering precompiled user dll's ...
Registered in 0.000755 seconds.
Begin MonoManager ReloadAssembly
Native extension for WindowsStandalone target not found
Native extension for WebGL target not found
Refreshing native plugins compatible for Editor in 0.35 ms, found 1 plugins.
Preloading 0 native plugins for Editor in 0.00 ms.
Mono: successfully reloaded assembly
- Completed reload, in  0.718 seconds
Platform modules already initialized, skipping
Refreshing native plugins compatible for Editor in 0.32 ms, found 1 plugins.
Preloading 0 native plugins for Editor in 0.00 ms.
Unloading 1818 Unused Serialized files (Serialized files now loaded: 0)
System memory in use before: 89.2 MB.
System memory in use after: 89.2 MB.

Unloading 12 unused Assets to reduce memory usage. Loaded Objects now: 2458.
Total: 1.714400 ms (FindLiveObjects: 0.233800 ms CreateObjectMapping: 0.042500 ms MarkObjects: 1.351800 ms  DeleteObjects: 0.085100 ms)

========================================================================
Received Prepare
Registering precompiled user dll's ...
Registered in 0.000750 seconds.
Begin MonoManager ReloadAssembly
Native extension for WindowsStandalone target not found
Native extension for WebGL target not found
Refreshing native plugins compatible for Editor in 0.49 ms, found 1 plugins.
Preloading 0 native plugins for Editor in 0.00 ms.
Mono: successfully reloaded assembly
- Completed reload, in  0.718 seconds
Platform modules already initialized, skipping
Refreshing native plugins compatible for Editor in 0.33 ms, found 1 plugins.
Preloading 0 native plugins for Editor in 0.00 ms.
Unloading 1818 Unused Serialized files (Serialized files now loaded: 0)
System memory in use before: 89.2 MB.
System memory in use after: 89.2 MB.

Unloading 12 unused Assets to reduce memory usage. Loaded Objects now: 2462.
Total: 1.726000 ms (FindLiveObjects: 0.198600 ms CreateObjectMapping: 0.042000 ms MarkObjects: 1.390100 ms  DeleteObjects: 0.094500 ms)

========================================================================
Received Prepare
Registering precompiled user dll's ...
Registered in 0.000757 seconds.
Begin MonoManager ReloadAssembly
Native extension for WindowsStandalone target not found
Native extension for WebGL target not found
Refreshing native plugins compatible for Editor in 0.32 ms, found 1 plugins.
Preloading 0 native plugins for Editor in 0.00 ms.
Mono: successfully reloaded assembly
- Completed reload, in  0.698 seconds
Platform modules already initialized, skipping
Refreshing native plugins compatible for Editor in 0.34 ms, found 1 plugins.
Preloading 0 native plugins for Editor in 0.00 ms.
Unloading 1818 Unused Serialized files (Serialized files now loaded: 0)
System memory in use before: 89.2 MB.
System memory in use after: 89.2 MB.

Unloading 12 unused Assets to reduce memory usage. Loaded Objects now: 2466.
Total: 1.797100 ms (FindLiveObjects: 0.200500 ms CreateObjectMapping: 0.044700 ms MarkObjects: 1.446000 ms  DeleteObjects: 0.104600 ms)

AssetImportWorkerClient::OnTransportError - code=2 error=End of file
