Using pre-set license
Built from '2020.3/staging' branch; Version is '2020.3.6f1 (338bb68529b2) revision 3378102'; Using compiler version '192528614'; Build Type 'Release'
OS: 'Windows 10 Home; OS build 19042.985; Version 2009; 64bit' Language: 'zh' Physical Memory: 12186 MB
BatchMode: 1, IsHumanControllingUs: 0, StartBugReporterOnCrash: 0, Is64bit: 1, IsPro: 0

 COMMAND LINE ARGUMENTS:
D:\UnityStuffIDK\2020.3.6f1\Editor\Unity.exe
-adb2
-batchMode
-noUpm
-name
AssetImportWorker0
-projectPath
D:/Unity Project/Unity_Platinum_Kamuy_Twilight_Overdrive_2D/Twilight_Overdrive_2D
-logFile
Logs/AssetImportWorker0.log
-srvPort
9512
Successfully changed project path to: D:/Unity Project/Unity_Platinum_Kamuy_Twilight_Overdrive_2D/Twilight_Overdrive_2D
D:/Unity Project/Unity_Platinum_Kamuy_Twilight_Overdrive_2D/Twilight_Overdrive_2D
Using Asset Import Pipeline V2.
Refreshing native plugins compatible for Editor in 49.01 ms, found 1 plugins.
Preloading 0 native plugins for Editor in 0.00 ms.
Initialize engine version: 2020.3.6f1 (338bb68529b2)
[Subsystems] Discovering subsystems at path D:/UnityStuffIDK/2020.3.6f1/Editor/Data/Resources/UnitySubsystems
[Subsystems] Discovering subsystems at path D:/Unity Project/Unity_Platinum_Kamuy_Twilight_Overdrive_2D/Twilight_Overdrive_2D/Assets
GfxDevice: creating device client; threaded=0
Direct3D:
    Version:  Direct3D 11.0 [level 11.0]
    Renderer: NVIDIA GeForce GTX 960M (ID=0x139b)
    Vendor:   
    VRAM:     2010 MB
    Driver:   27.21.14.5167
Initialize mono
Mono path[0] = 'D:/UnityStuffIDK/2020.3.6f1/Editor/Data/Managed'
Mono path[1] = 'D:/UnityStuffIDK/2020.3.6f1/Editor/Data/MonoBleedingEdge/lib/mono/unityjit'
Mono config path = 'D:/UnityStuffIDK/2020.3.6f1/Editor/Data/MonoBleedingEdge/etc'
Using monoOptions --debugger-agent=transport=dt_socket,embedding=1,server=y,suspend=n,address=127.0.0.1:56776
Begin MonoManager ReloadAssembly
Registering precompiled unity dll's ...
Register platform support module: D:/UnityStuffIDK/2020.3.6f1/Editor/Data/PlaybackEngines/WebGLSupport/UnityEditor.WebGL.Extensions.dll
Register platform support module: D:/UnityStuffIDK/2020.3.6f1/Editor/Data/PlaybackEngines/WindowsStandaloneSupport/UnityEditor.WindowsStandalone.Extensions.dll
Registered in 0.001466 seconds.
Native extension for WindowsStandalone target not found
Native extension for WebGL target not found
Refreshing native plugins compatible for Editor in 45.32 ms, found 1 plugins.
Preloading 0 native plugins for Editor in 0.00 ms.
Mono: successfully reloaded assembly
- Completed reload, in  1.920 seconds
Platform modules already initialized, skipping
Registering precompiled user dll's ...
Registered in 0.001565 seconds.
Begin MonoManager ReloadAssembly
Native extension for WindowsStandalone target not found
Native extension for WebGL target not found
Refreshing native plugins compatible for Editor in 47.42 ms, found 1 plugins.
Preloading 0 native plugins for Editor in 0.00 ms.
Mono: successfully reloaded assembly
- Completed reload, in  1.124 seconds
Platform modules already initialized, skipping
========================================================================
Worker process is ready to serve import requests
Launched and connected shader compiler UnityShaderCompiler.exe after 0.08 seconds
Refreshing native plugins compatible for Editor in 0.39 ms, found 1 plugins.
Preloading 0 native plugins for Editor in 0.00 ms.
Unloading 1824 Unused Serialized files (Serialized files now loaded: 0)
System memory in use before: 86.2 MB.
System memory in use after: 86.2 MB.

Unloading 24 unused Assets to reduce memory usage. Loaded Objects now: 2269.
Total: 2.727600 ms (FindLiveObjects: 0.285900 ms CreateObjectMapping: 0.126100 ms MarkObjects: 2.010600 ms  DeleteObjects: 0.194700 ms)

========================================================================
Received Import Request.
  path: Assets/Scene/Level01.unity
  artifactKey: Guid(146c6128dbe9fd54ab13e6e5df0321cb) Importer(815301076,1909f56bfc062723c751e8b465ee728b)
Start importing Assets/Scene/Level01.unity using Guid(146c6128dbe9fd54ab13e6e5df0321cb) Importer(815301076,1909f56bfc062723c751e8b465ee728b)  -> (artifact id: '95aea02b46835b98d30f8fd995055223') in 0.020728 seconds
  Import took 0.024741 seconds .

========================================================================
Received Import Request.
  Time since last request: 0.000376 seconds.
  path: Assets/Scene
  artifactKey: Guid(6cbfbd0b8a7952e46974eeaa0567480b) Importer(815301076,1909f56bfc062723c751e8b465ee728b)
Start importing Assets/Scene using Guid(6cbfbd0b8a7952e46974eeaa0567480b) Importer(815301076,1909f56bfc062723c751e8b465ee728b)  -> (artifact id: '17939a82f28b20beab8eb152f3c3caf6') in 0.010896 seconds
  Import took 0.015351 seconds .

========================================================================
Received Import Request.
  Time since last request: 31.916357 seconds.
  path: Assets/Script
  artifactKey: Guid(e9483d1662acb7e45aa5b02d2e04e6ac) Importer(815301076,1909f56bfc062723c751e8b465ee728b)
Start importing Assets/Script using Guid(e9483d1662acb7e45aa5b02d2e04e6ac) Importer(815301076,1909f56bfc062723c751e8b465ee728b)  -> (artifact id: 'aab9123bc97d54acb90d76f38ca0c929') in 0.009608 seconds
  Import took 0.013473 seconds .

========================================================================
Received Import Request.
  Time since last request: 1.025367 seconds.
  path: Assets/Script/SetNormalizedTime.cs
  artifactKey: Guid(6471a8ce7bd89b14fad3fe597466974e) Importer(815301076,1909f56bfc062723c751e8b465ee728b)
Start importing Assets/Script/SetNormalizedTime.cs using Guid(6471a8ce7bd89b14fad3fe597466974e) Importer(815301076,1909f56bfc062723c751e8b465ee728b)  -> (artifact id: '9027e42559e3c453c8545b586be51e7f') in 0.072753 seconds
  Import took 0.075890 seconds .

========================================================================
Received Prepare
Registering precompiled user dll's ...
Registered in 0.000844 seconds.
Begin MonoManager ReloadAssembly
Native extension for WindowsStandalone target not found
Native extension for WebGL target not found
Refreshing native plugins compatible for Editor in 0.37 ms, found 1 plugins.
Preloading 0 native plugins for Editor in 0.00 ms.
Mono: successfully reloaded assembly
- Completed reload, in  0.960 seconds
Platform modules already initialized, skipping
Refreshing native plugins compatible for Editor in 0.43 ms, found 1 plugins.
Preloading 0 native plugins for Editor in 0.00 ms.
Unloading 1819 Unused Serialized files (Serialized files now loaded: 0)
System memory in use before: 86.2 MB.
System memory in use after: 86.2 MB.

Unloading 12 unused Assets to reduce memory usage. Loaded Objects now: 2273.
Total: 3.175300 ms (FindLiveObjects: 0.357500 ms CreateObjectMapping: 0.098400 ms MarkObjects: 2.513600 ms  DeleteObjects: 0.204700 ms)

========================================================================
Received Import Request.
  Time since last request: 31.789554 seconds.
  path: Assets/Sprite/Enemy
  artifactKey: Guid(569d340c4d04e1348ab562424a74f46b) Importer(815301076,1909f56bfc062723c751e8b465ee728b)
Start importing Assets/Sprite/Enemy using Guid(569d340c4d04e1348ab562424a74f46b) Importer(815301076,1909f56bfc062723c751e8b465ee728b)  -> (artifact id: '101bc2e32ca3b010cfb768706c5723d9') in 0.011048 seconds
  Import took 0.015994 seconds .

========================================================================
Received Import Request.
  Time since last request: 0.607234 seconds.
  path: Assets/Sprite/Enemy/Atom City
  artifactKey: Guid(f0aa9c1dab8cdce4682b6bf841b72a91) Importer(815301076,1909f56bfc062723c751e8b465ee728b)
Start importing Assets/Sprite/Enemy/Atom City using Guid(f0aa9c1dab8cdce4682b6bf841b72a91) Importer(815301076,1909f56bfc062723c751e8b465ee728b)  -> (artifact id: '26ea014a51fa5acf10652c022330e22e') in 0.009447 seconds
  Import took 0.013420 seconds .

========================================================================
Received Import Request.
  Time since last request: 0.961423 seconds.
  path: Assets/Sprite/Enemy/Atom City/Gunner Sprite
  artifactKey: Guid(a31159d6e3b289f4587d837d967dbd11) Importer(815301076,1909f56bfc062723c751e8b465ee728b)
Start importing Assets/Sprite/Enemy/Atom City/Gunner Sprite using Guid(a31159d6e3b289f4587d837d967dbd11) Importer(815301076,1909f56bfc062723c751e8b465ee728b)  -> (artifact id: '5215bc644748df8c4fc497115b178665') in 0.009416 seconds
  Import took 0.013408 seconds .

========================================================================
Received Import Request.
  Time since last request: 0.261926 seconds.
  path: Assets/Sprite/Enemy/Atom City/Gunner Sprite/Gunner Attack1.png
  artifactKey: Guid(f758c1cf95a8c5a41bff233839422501) Importer(815301076,1909f56bfc062723c751e8b465ee728b)
Start importing Assets/Sprite/Enemy/Atom City/Gunner Sprite/Gunner Attack1.png using Guid(f758c1cf95a8c5a41bff233839422501) Importer(815301076,1909f56bfc062723c751e8b465ee728b)  -> (artifact id: '220be56ac28faf95f0e7d2c6b4521b4f') in 0.103118 seconds
  Import took 0.106415 seconds .

========================================================================
Received Import Request.
  Time since last request: 0.000382 seconds.
  path: Assets/Sprite/Enemy/Atom City/Gunner Sprite/Gunner Attack5.png
  artifactKey: Guid(c7a84e1a4a11d3944995940fcd37851c) Importer(815301076,1909f56bfc062723c751e8b465ee728b)
Start importing Assets/Sprite/Enemy/Atom City/Gunner Sprite/Gunner Attack5.png using Guid(c7a84e1a4a11d3944995940fcd37851c) Importer(815301076,1909f56bfc062723c751e8b465ee728b)  -> (artifact id: '179a58d4ad25ad978bca95034c0fecc5') in 0.014645 seconds
  Import took 0.018801 seconds .

========================================================================
Received Import Request.
  Time since last request: 0.000243 seconds.
  path: Assets/Sprite/Enemy/Atom City/Gunner Sprite/Gunner Attack2.png
  artifactKey: Guid(22f43c65870760c4ba557b93d87ee77b) Importer(815301076,1909f56bfc062723c751e8b465ee728b)
Start importing Assets/Sprite/Enemy/Atom City/Gunner Sprite/Gunner Attack2.png using Guid(22f43c65870760c4ba557b93d87ee77b) Importer(815301076,1909f56bfc062723c751e8b465ee728b)  -> (artifact id: '4ed5cea302898c911dc63c8cc0e1c8a4') in 0.020043 seconds
  Import took 0.025391 seconds .

========================================================================
Received Import Request.
  Time since last request: 0.000682 seconds.
  path: Assets/Sprite/Enemy/Atom City/Gunner Sprite/Gunner Attack7.png
  artifactKey: Guid(df3b793c276d5af4d80978496030935f) Importer(815301076,1909f56bfc062723c751e8b465ee728b)
Start importing Assets/Sprite/Enemy/Atom City/Gunner Sprite/Gunner Attack7.png using Guid(df3b793c276d5af4d80978496030935f) Importer(815301076,1909f56bfc062723c751e8b465ee728b)  -> (artifact id: '5ccd410cdf2bb9630685559ba6031e28') in 0.016057 seconds
  Import took 0.020628 seconds .

========================================================================
Received Import Request.
  Time since last request: 0.000420 seconds.
  path: Assets/Sprite/Enemy/Atom City/Gunner Sprite/Gunner Attack3.png
  artifactKey: Guid(7cce016d6047f6347b0d722280ab281a) Importer(815301076,1909f56bfc062723c751e8b465ee728b)
Start importing Assets/Sprite/Enemy/Atom City/Gunner Sprite/Gunner Attack3.png using Guid(7cce016d6047f6347b0d722280ab281a) Importer(815301076,1909f56bfc062723c751e8b465ee728b)  -> (artifact id: '14734fb0bd71e3e7e5ffb68e83816c2b') in 0.016935 seconds
  Import took 0.022748 seconds .

========================================================================
Received Import Request.
  Time since last request: 0.000236 seconds.
  path: Assets/Sprite/Enemy/Atom City/Gunner Sprite/Gunner Attack11.png
  artifactKey: Guid(ba7415962f90a3b4e8e3ef192f302142) Importer(815301076,1909f56bfc062723c751e8b465ee728b)
Start importing Assets/Sprite/Enemy/Atom City/Gunner Sprite/Gunner Attack11.png using Guid(ba7415962f90a3b4e8e3ef192f302142) Importer(815301076,1909f56bfc062723c751e8b465ee728b)  -> (artifact id: '4c80cb5ee207d9ed060d4703bf83aeba') in 0.017033 seconds
  Import took 0.022850 seconds .

========================================================================
Received Import Request.
  Time since last request: 0.000283 seconds.
  path: Assets/Sprite/Enemy/Atom City/Gunner Sprite/Gunner Attack8.png
  artifactKey: Guid(95d0172e018bdbb4c8ec431640bdd0c9) Importer(815301076,1909f56bfc062723c751e8b465ee728b)
Start importing Assets/Sprite/Enemy/Atom City/Gunner Sprite/Gunner Attack8.png using Guid(95d0172e018bdbb4c8ec431640bdd0c9) Importer(815301076,1909f56bfc062723c751e8b465ee728b)  -> (artifact id: 'd3dfadb14ff07c9aa168c31008ae6e7d') in 0.023554 seconds
  Import took 0.027812 seconds .

========================================================================
Received Import Request.
  Time since last request: 0.000339 seconds.
  path: Assets/Sprite/Enemy/Atom City/Gunner Sprite/Gunner Attack6.png
  artifactKey: Guid(bdc8002386f445a47be8fb558c381ba9) Importer(815301076,1909f56bfc062723c751e8b465ee728b)
Start importing Assets/Sprite/Enemy/Atom City/Gunner Sprite/Gunner Attack6.png using Guid(bdc8002386f445a47be8fb558c381ba9) Importer(815301076,1909f56bfc062723c751e8b465ee728b)  -> (artifact id: '8caf4d4bf7fe052ab621e50f9b7d7a89') in 0.021153 seconds
  Import took 0.025981 seconds .

========================================================================
Received Import Request.
  Time since last request: 0.000585 seconds.
  path: Assets/Sprite/Enemy/Atom City/Gunner Sprite/Gunner Attack4.png
  artifactKey: Guid(8c12001c5914b4a44b9c425d0aaf36eb) Importer(815301076,1909f56bfc062723c751e8b465ee728b)
Start importing Assets/Sprite/Enemy/Atom City/Gunner Sprite/Gunner Attack4.png using Guid(8c12001c5914b4a44b9c425d0aaf36eb) Importer(815301076,1909f56bfc062723c751e8b465ee728b)  -> (artifact id: '753a3e0a86cc66d5c7285c82863ad29c') in 0.016493 seconds
  Import took 0.020652 seconds .

========================================================================
Received Import Request.
  Time since last request: 0.000300 seconds.
  path: Assets/Sprite/Enemy/Atom City/Gunner Sprite/Gunner Attack10.png
  artifactKey: Guid(fadf28ccc2c40c44aa43df2b61723a22) Importer(815301076,1909f56bfc062723c751e8b465ee728b)
Start importing Assets/Sprite/Enemy/Atom City/Gunner Sprite/Gunner Attack10.png using Guid(fadf28ccc2c40c44aa43df2b61723a22) Importer(815301076,1909f56bfc062723c751e8b465ee728b)  -> (artifact id: '3ec676727b21d8165d76175ffb43fcd8') in 0.016124 seconds
  Import took 0.020911 seconds .

========================================================================
Received Import Request.
  Time since last request: 0.000395 seconds.
  path: Assets/Sprite/Enemy/Atom City/Gunner Sprite/Gunner Attack9.png
  artifactKey: Guid(75ea9336ce7f056438277dc8b0a6244e) Importer(815301076,1909f56bfc062723c751e8b465ee728b)
Start importing Assets/Sprite/Enemy/Atom City/Gunner Sprite/Gunner Attack9.png using Guid(75ea9336ce7f056438277dc8b0a6244e) Importer(815301076,1909f56bfc062723c751e8b465ee728b)  -> (artifact id: 'e87f84d181c3248c25432b90e1948197') in 0.018087 seconds
  Import took 0.021781 seconds .

========================================================================
Received Prepare
Registering precompiled user dll's ...
Registered in 0.000885 seconds.
Begin MonoManager ReloadAssembly
Native extension for WindowsStandalone target not found
Native extension for WebGL target not found
Refreshing native plugins compatible for Editor in 0.56 ms, found 1 plugins.
Preloading 0 native plugins for Editor in 0.00 ms.
Mono: successfully reloaded assembly
- Completed reload, in  0.963 seconds
Platform modules already initialized, skipping
Refreshing native plugins compatible for Editor in 0.55 ms, found 1 plugins.
Preloading 0 native plugins for Editor in 0.00 ms.
Unloading 1819 Unused Serialized files (Serialized files now loaded: 0)
System memory in use before: 89.3 MB.
System memory in use after: 89.3 MB.

Unloading 12 unused Assets to reduce memory usage. Loaded Objects now: 2283.
Total: 3.195500 ms (FindLiveObjects: 0.638700 ms CreateObjectMapping: 0.086900 ms MarkObjects: 2.311100 ms  DeleteObjects: 0.157400 ms)

========================================================================
Received Import Request.
  Time since last request: 37.542452 seconds.
  path: Assets/Scene/Level01 1.unity
  artifactKey: Guid(6015b5c3a378ec141b530f69d1a2e258) Importer(815301076,1909f56bfc062723c751e8b465ee728b)
Start importing Assets/Scene/Level01 1.unity using Guid(6015b5c3a378ec141b530f69d1a2e258) Importer(815301076,1909f56bfc062723c751e8b465ee728b)  -> (artifact id: '58ca926ec63a34005ebb1d2a901c610f') in 0.019168 seconds
  Import took 0.023365 seconds .

========================================================================
Received Import Request.
  Time since last request: 5.823017 seconds.
  path: Assets/Scene/Atom City Act 1.unity
  artifactKey: Guid(6015b5c3a378ec141b530f69d1a2e258) Importer(815301076,1909f56bfc062723c751e8b465ee728b)
Start importing Assets/Scene/Atom City Act 1.unity using Guid(6015b5c3a378ec141b530f69d1a2e258) Importer(815301076,1909f56bfc062723c751e8b465ee728b)  -> (artifact id: 'b63bd22710ee463d0177966898e96890') in 0.008375 seconds
  Import took 0.012613 seconds .

========================================================================
Received Import Request.
  Time since last request: 6.809334 seconds.
  path: Assets/Scene/Atom City Act1.unity
  artifactKey: Guid(6015b5c3a378ec141b530f69d1a2e258) Importer(815301076,1909f56bfc062723c751e8b465ee728b)
Start importing Assets/Scene/Atom City Act1.unity using Guid(6015b5c3a378ec141b530f69d1a2e258) Importer(815301076,1909f56bfc062723c751e8b465ee728b)  -> (artifact id: '87f57e89e23f006370589069bb637397') in 0.007807 seconds
  Import took 0.012104 seconds .

========================================================================
Received Import Request.
  Time since last request: 32.168361 seconds.
  path: Assets/Animator
  artifactKey: Guid(54d243371a1b8ba49a9f62cb7f703289) Importer(815301076,1909f56bfc062723c751e8b465ee728b)
Start importing Assets/Animator using Guid(54d243371a1b8ba49a9f62cb7f703289) Importer(815301076,1909f56bfc062723c751e8b465ee728b)  -> (artifact id: '48f800987fbd6d464ff834cc9b975417') in 0.009459 seconds
  Import took 0.014267 seconds .

========================================================================
Received Import Request.
  Time since last request: 1.184311 seconds.
  path: Assets/Animator/玩家控制器.controller
  artifactKey: Guid(ea2c24d2944bdf543b8c1ba3669bfe3f) Importer(815301076,1909f56bfc062723c751e8b465ee728b)
Start importing Assets/Animator/玩家控制器.controller using Guid(ea2c24d2944bdf543b8c1ba3669bfe3f) Importer(815301076,1909f56bfc062723c751e8b465ee728b)  -> (artifact id: 'b698d4b3de9b5444f4d03b240d062f07') in 0.017362 seconds
  Import took 0.020890 seconds .

========================================================================
Received Import Request.
  Time since last request: 7.258507 seconds.
  path: Assets/Animator/玩家控制器 1.controller
  artifactKey: Guid(ee6e9f49f869ea34cb0f641e0ff225c4) Importer(815301076,1909f56bfc062723c751e8b465ee728b)
Start importing Assets/Animator/玩家控制器 1.controller using Guid(ee6e9f49f869ea34cb0f641e0ff225c4) Importer(815301076,1909f56bfc062723c751e8b465ee728b)  -> (artifact id: '46da01a3bbf72f76e13aa70338ac7bde') in 0.013736 seconds
  Import took 0.017225 seconds .

========================================================================
Received Import Request.
  Time since last request: 6.943054 seconds.
  path: Assets/Animator/Phantom Controller.controller
  artifactKey: Guid(ee6e9f49f869ea34cb0f641e0ff225c4) Importer(815301076,1909f56bfc062723c751e8b465ee728b)
Start importing Assets/Animator/Phantom Controller.controller using Guid(ee6e9f49f869ea34cb0f641e0ff225c4) Importer(815301076,1909f56bfc062723c751e8b465ee728b)  -> (artifact id: '2adb8b3c4063900dcfae8c89b863fdbc') in 0.012547 seconds
  Import took 0.017198 seconds .

========================================================================
Received Import Request.
  Time since last request: 371.131343 seconds.
  path: Assets/Script/Player.cs
  artifactKey: Guid(720d49dcb1262074b821a91d8a57eb2f) Importer(815301076,1909f56bfc062723c751e8b465ee728b)
Start importing Assets/Script/Player.cs using Guid(720d49dcb1262074b821a91d8a57eb2f) Importer(815301076,1909f56bfc062723c751e8b465ee728b)  -> (artifact id: 'f3edf11d5d730152b0d2ef3cb588037a') in 0.007618 seconds
  Import took 0.011080 seconds .

========================================================================
Received Import Request.
  Time since last request: 0.006229 seconds.
  path: Assets/Script/Player.cs
  artifactKey: Guid(720d49dcb1262074b821a91d8a57eb2f) Importer(815301076,1909f56bfc062723c751e8b465ee728b)
Start importing Assets/Script/Player.cs using Guid(720d49dcb1262074b821a91d8a57eb2f) Importer(815301076,1909f56bfc062723c751e8b465ee728b)  -> (artifact id: 'f3edf11d5d730152b0d2ef3cb588037a') in 0.001859 seconds
  Import took 0.005492 seconds .

AssetImportWorkerClient::OnTransportError - code=2 error=End of file
